c:\users\krustopc\documents\projects\orionrenderer\orionrenderer\x64\debug\commandpool.nativecodeanalysis.sarif
c:\users\krustopc\documents\projects\orionrenderer\orionrenderer\x64\debug\commandpool.nativecodeanalysis.xml
c:\users\krustopc\documents\projects\orionrenderer\orionrenderer\x64\debug\commandpool.obj
c:\users\krustopc\documents\projects\orionrenderer\orionrenderer\x64\debug\log.nativecodeanalysis.sarif
c:\users\krustopc\documents\projects\orionrenderer\orionrenderer\x64\debug\log.nativecodeanalysis.xml
c:\users\krustopc\documents\projects\orionrenderer\orionrenderer\x64\debug\log.obj
c:\users\krustopc\documents\projects\orionrenderer\orionrenderer\x64\debug\renderer.nativecodeanalysis.sarif
c:\users\krustopc\documents\projects\orionrenderer\orionrenderer\x64\debug\renderer.nativecodeanalysis.xml
c:\users\krustopc\documents\projects\orionrenderer\orionrenderer\x64\debug\renderer.obj
c:\users\krustopc\documents\projects\orionrenderer\orionrenderer\x64\debug\engine.nativecodeanalysis.sarif
c:\users\krustopc\documents\projects\orionrenderer\orionrenderer\x64\debug\engine.nativecodeanalysis.xml
c:\users\krustopc\documents\projects\orionrenderer\orionrenderer\x64\debug\engine.obj
c:\users\krustopc\documents\projects\orionrenderer\orionrenderer\x64\debug\surface.nativecodeanalysis.sarif
c:\users\krustopc\documents\projects\orionrenderer\orionrenderer\x64\debug\surface.nativecodeanalysis.xml
c:\users\krustopc\documents\projects\orionrenderer\orionrenderer\x64\debug\surface.obj
c:\users\krustopc\documents\projects\orionrenderer\orionrenderer\x64\debug\device.nativecodeanalysis.sarif
c:\users\krustopc\documents\projects\orionrenderer\orionrenderer\x64\debug\device.nativecodeanalysis.xml
c:\users\krustopc\documents\projects\orionrenderer\orionrenderer\x64\debug\device.obj
c:\users\krustopc\documents\projects\orionrenderer\orionrenderer\x64\debug\renderpass.nativecodeanalysis.sarif
c:\users\krustopc\documents\projects\orionrenderer\orionrenderer\x64\debug\renderpass.nativecodeanalysis.xml
c:\users\krustopc\documents\projects\orionrenderer\orionrenderer\x64\debug\renderpass.obj
c:\users\krustopc\documents\projects\orionrenderer\orionrenderer\x64\debug\window.nativecodeanalysis.sarif
c:\users\krustopc\documents\projects\orionrenderer\orionrenderer\x64\debug\window.nativecodeanalysis.xml
c:\users\krustopc\documents\projects\orionrenderer\orionrenderer\x64\debug\window.obj
c:\users\krustopc\documents\projects\orionrenderer\orionrenderer\x64\debug\graphicsadapter.nativecodeanalysis.sarif
c:\users\krustopc\documents\projects\orionrenderer\orionrenderer\x64\debug\graphicsadapter.nativecodeanalysis.xml
c:\users\krustopc\documents\projects\orionrenderer\orionrenderer\x64\debug\graphicsadapter.obj
c:\users\krustopc\documents\projects\orionrenderer\orionrenderer\x64\debug\shadermodule.nativecodeanalysis.sarif
c:\users\krustopc\documents\projects\orionrenderer\orionrenderer\x64\debug\shadermodule.nativecodeanalysis.xml
c:\users\krustopc\documents\projects\orionrenderer\orionrenderer\x64\debug\shadermodule.obj
c:\users\krustopc\documents\projects\orionrenderer\orionrenderer\x64\debug\main.nativecodeanalysis.sarif
c:\users\krustopc\documents\projects\orionrenderer\orionrenderer\x64\debug\main.nativecodeanalysis.xml
c:\users\krustopc\documents\projects\orionrenderer\orionrenderer\x64\debug\main.obj
c:\users\krustopc\documents\projects\orionrenderer\orionrenderer\x64\debug\vertexlayout.nativecodeanalysis.sarif
c:\users\krustopc\documents\projects\orionrenderer\orionrenderer\x64\debug\vertexlayout.nativecodeanalysis.xml
c:\users\krustopc\documents\projects\orionrenderer\orionrenderer\x64\debug\vertexlayout.obj
c:\users\krustopc\documents\projects\orionrenderer\orionrenderer\x64\debug\queuefamilyindex.nativecodeanalysis.sarif
c:\users\krustopc\documents\projects\orionrenderer\orionrenderer\x64\debug\queuefamilyindex.nativecodeanalysis.xml
c:\users\krustopc\documents\projects\orionrenderer\orionrenderer\x64\debug\queuefamilyindex.obj
c:\users\krustopc\documents\projects\orionrenderer\orionrenderer\x64\debug\file.nativecodeanalysis.sarif
c:\users\krustopc\documents\projects\orionrenderer\orionrenderer\x64\debug\file.nativecodeanalysis.xml
c:\users\krustopc\documents\projects\orionrenderer\orionrenderer\x64\debug\file.obj
c:\users\krustopc\documents\projects\orionrenderer\orionrenderer\x64\debug\fence.nativecodeanalysis.sarif
c:\users\krustopc\documents\projects\orionrenderer\orionrenderer\x64\debug\fence.nativecodeanalysis.xml
c:\users\krustopc\documents\projects\orionrenderer\orionrenderer\x64\debug\fence.obj
c:\users\krustopc\documents\projects\orionrenderer\orionrenderer\x64\debug\imageview.nativecodeanalysis.sarif
c:\users\krustopc\documents\projects\orionrenderer\orionrenderer\x64\debug\imageview.nativecodeanalysis.xml
c:\users\krustopc\documents\projects\orionrenderer\orionrenderer\x64\debug\imageview.obj
c:\users\krustopc\documents\projects\orionrenderer\orionrenderer\x64\debug\shader.nativecodeanalysis.sarif
c:\users\krustopc\documents\projects\orionrenderer\orionrenderer\x64\debug\shader.nativecodeanalysis.xml
c:\users\krustopc\documents\projects\orionrenderer\orionrenderer\x64\debug\shader.obj
c:\users\krustopc\documents\projects\orionrenderer\orionrenderer\x64\debug\graphicspipeline.nativecodeanalysis.sarif
c:\users\krustopc\documents\projects\orionrenderer\orionrenderer\x64\debug\graphicspipeline.nativecodeanalysis.xml
c:\users\krustopc\documents\projects\orionrenderer\orionrenderer\x64\debug\graphicspipeline.obj
c:\users\krustopc\documents\projects\orionrenderer\orionrenderer\x64\debug\semaphore.nativecodeanalysis.sarif
c:\users\krustopc\documents\projects\orionrenderer\orionrenderer\x64\debug\semaphore.nativecodeanalysis.xml
c:\users\krustopc\documents\projects\orionrenderer\orionrenderer\x64\debug\semaphore.obj
c:\users\krustopc\documents\projects\orionrenderer\orionrenderer\x64\debug\framebuffer.nativecodeanalysis.sarif
c:\users\krustopc\documents\projects\orionrenderer\orionrenderer\x64\debug\framebuffer.nativecodeanalysis.xml
c:\users\krustopc\documents\projects\orionrenderer\orionrenderer\x64\debug\framebuffer.obj
c:\users\krustopc\documents\projects\orionrenderer\orionrenderer\x64\debug\queue.nativecodeanalysis.sarif
c:\users\krustopc\documents\projects\orionrenderer\orionrenderer\x64\debug\queue.nativecodeanalysis.xml
c:\users\krustopc\documents\projects\orionrenderer\orionrenderer\x64\debug\queue.obj
c:\users\krustopc\documents\projects\orionrenderer\orionrenderer\x64\debug\swapchain.nativecodeanalysis.sarif
c:\users\krustopc\documents\projects\orionrenderer\orionrenderer\x64\debug\swapchain.nativecodeanalysis.xml
c:\users\krustopc\documents\projects\orionrenderer\orionrenderer\x64\debug\swapchain.obj
c:\users\krustopc\documents\projects\orionrenderer\orionrenderer\x64\debug\vc142.pdb
c:\users\krustopc\documents\projects\orionrenderer\orionrenderer\x64\debug\esp5b9f.tmp
c:\users\krustopc\documents\projects\orionrenderer\orionrenderer\x64\debug\esp5c1c.tmp
c:\users\krustopc\documents\projects\orionrenderer\orionrenderer\x64\debug\esp5d25.tmp
c:\users\krustopc\documents\projects\orionrenderer\orionrenderer\x64\debug\esp5e1f.tmp
c:\users\krustopc\documents\projects\orionrenderer\orionrenderer\x64\debug\esp62c3.tmp
c:\users\krustopc\documents\projects\orionrenderer\orionrenderer\x64\debug\esp6320.tmp
c:\users\krustopc\documents\projects\orionrenderer\orionrenderer\x64\debug\esp660e.tmp
c:\users\krustopc\documents\projects\orionrenderer\orionrenderer\x64\debug\esp6af0.tmp
c:\users\krustopc\documents\projects\orionrenderer\orionrenderer\x64\debug\vc142.idb
c:\users\krustopc\documents\projects\orionrenderer\x64\debug\orionrenderer.pdb
c:\users\krustopc\documents\projects\orionrenderer\orionrenderer\x64\debug\orionrenderer.tlog\cl.17612.write.1.tlog
c:\users\krustopc\documents\projects\orionrenderer\orionrenderer\x64\debug\orionrenderer.tlog\cl.command.1.tlog
c:\users\krustopc\documents\projects\orionrenderer\orionrenderer\x64\debug\orionrenderer.tlog\cl.read.1.tlog
c:\users\krustopc\documents\projects\orionrenderer\orionrenderer\x64\debug\orionrenderer.tlog\link-cvtres.read.1.tlog
c:\users\krustopc\documents\projects\orionrenderer\orionrenderer\x64\debug\orionrenderer.tlog\link-cvtres.write.1.tlog
c:\users\krustopc\documents\projects\orionrenderer\orionrenderer\x64\debug\orionrenderer.tlog\link-rc.read.1.tlog
c:\users\krustopc\documents\projects\orionrenderer\orionrenderer\x64\debug\orionrenderer.tlog\link-rc.write.1.tlog
c:\users\krustopc\documents\projects\orionrenderer\orionrenderer\x64\debug\orionrenderer.tlog\link.command.1.tlog
c:\users\krustopc\documents\projects\orionrenderer\orionrenderer\x64\debug\orionrenderer.tlog\link.read.1.tlog
c:\users\krustopc\documents\projects\orionrenderer\orionrenderer\x64\debug\orionrenderer.tlog\link.write.1.tlog
