  VertexLayout.cpp
  CommandPool.cpp
  Device.cpp
  Engine.cpp
  Fence.cpp
  Framebuffer.cpp
  GraphicsAdapter.cpp
  GraphicsPipeline.cpp
C:\Users\KrustoPC\Documents\Projects\OrionRenderer\OrionRenderer\Object\VertexLayout.cpp(9,40): warning C4267: '+=': conversion from 'size_t' to 'uint32_t', possible loss of data
  ImageView.cpp
  Log.cpp
  Queue.cpp
  QueueFamilyIndex.cpp
  Renderpass.cpp
  Semaphore.cpp
  ShaderModule.cpp
  Surface.cpp
  main.cpp
  Renderer.cpp
  Shader.cpp
  Swapchain.cpp
  File.cpp
  Window.cpp
C:\Program Files (x86)\Windows Kits\10\Include\10.0.18362.0\shared\minwindef.h(130,1): warning C4005: 'APIENTRY': macro redefinition (compiling source file src\Shader.cpp)
C:\Users\KrustoPC\Documents\Projects\OrionRenderer\OrionRenderer\Dependencies\GLFW\include\GLFW\glfw3.h(123): message : see previous definition of 'APIENTRY' (compiling source file src\Shader.cpp)
  Generating code
  Previous IPDB not found, fall back to full compilation.
  All 2032 functions were compiled because no usable IPDB/IOBJ from previous compilation was found.
  Finished generating code
  OrionRenderer.vcxproj -> C:\Users\KrustoPC\Documents\Projects\OrionRenderer\x64\Release\OrionRenderer.exe
