c:\users\krustopc\documents\projects\orionrenderer\orionrenderer\x64\release\vc142.pdb
c:\users\krustopc\documents\projects\orionrenderer\orionrenderer\x64\release\vertexlayout.obj
c:\users\krustopc\documents\projects\orionrenderer\orionrenderer\x64\release\device.obj
c:\users\krustopc\documents\projects\orionrenderer\orionrenderer\x64\release\surface.obj
c:\users\krustopc\documents\projects\orionrenderer\orionrenderer\x64\release\engine.obj
c:\users\krustopc\documents\projects\orionrenderer\orionrenderer\x64\release\semaphore.obj
c:\users\krustopc\documents\projects\orionrenderer\orionrenderer\x64\release\framebuffer.obj
c:\users\krustopc\documents\projects\orionrenderer\orionrenderer\x64\release\shadermodule.obj
c:\users\krustopc\documents\projects\orionrenderer\orionrenderer\x64\release\window.obj
c:\users\krustopc\documents\projects\orionrenderer\orionrenderer\x64\release\log.obj
c:\users\krustopc\documents\projects\orionrenderer\orionrenderer\x64\release\main.obj
c:\users\krustopc\documents\projects\orionrenderer\orionrenderer\x64\release\graphicsadapter.obj
c:\users\krustopc\documents\projects\orionrenderer\orionrenderer\x64\release\queuefamilyindex.obj
c:\users\krustopc\documents\projects\orionrenderer\orionrenderer\x64\release\shader.obj
c:\users\krustopc\documents\projects\orionrenderer\orionrenderer\x64\release\commandpool.obj
c:\users\krustopc\documents\projects\orionrenderer\orionrenderer\x64\release\queue.obj
c:\users\krustopc\documents\projects\orionrenderer\orionrenderer\x64\release\file.obj
c:\users\krustopc\documents\projects\orionrenderer\orionrenderer\x64\release\graphicspipeline.obj
c:\users\krustopc\documents\projects\orionrenderer\orionrenderer\x64\release\imageview.obj
c:\users\krustopc\documents\projects\orionrenderer\orionrenderer\x64\release\renderer.obj
c:\users\krustopc\documents\projects\orionrenderer\orionrenderer\x64\release\fence.obj
c:\users\krustopc\documents\projects\orionrenderer\orionrenderer\x64\release\renderpass.obj
c:\users\krustopc\documents\projects\orionrenderer\orionrenderer\x64\release\swapchain.obj
c:\users\krustopc\documents\projects\orionrenderer\x64\release\orionrenderer.exe
c:\users\krustopc\documents\projects\orionrenderer\x64\release\orionrenderer.pdb
c:\users\krustopc\documents\projects\orionrenderer\x64\release\orionrenderer.ipdb
c:\users\krustopc\documents\projects\orionrenderer\x64\release\orionrenderer.iobj
c:\users\krustopc\documents\projects\orionrenderer\orionrenderer\x64\release\orionrenderer.tlog\cl.command.1.tlog
c:\users\krustopc\documents\projects\orionrenderer\orionrenderer\x64\release\orionrenderer.tlog\cl.read.1.tlog
c:\users\krustopc\documents\projects\orionrenderer\orionrenderer\x64\release\orionrenderer.tlog\cl.write.1.tlog
c:\users\krustopc\documents\projects\orionrenderer\orionrenderer\x64\release\orionrenderer.tlog\link.command.1.tlog
c:\users\krustopc\documents\projects\orionrenderer\orionrenderer\x64\release\orionrenderer.tlog\link.read.1.tlog
c:\users\krustopc\documents\projects\orionrenderer\orionrenderer\x64\release\orionrenderer.tlog\link.write.1.tlog
c:\users\krustopc\documents\projects\orionrenderer\orionrenderer\x64\release\orionrenderer.tlog\orionrenderer.write.1u.tlog
